# JRE version: Java(TM) SE Runtime Environment (11.0.2+7) (build 11.0.2+7-LTS)
# Java VM: Java HotSpot(TM) 64-Bit Server VM (11.0.2+7-LTS, mixed mode, tiered, compressed oops, g1 gc, windows-amd64)
Heap:
 garbage-first heap   total 236544K, used 89509K [0x0000000081800000, 0x0000000100000000)
  region size 1024K, 44 young (45056K), 13 survivors (13312K)
 Metaspace       used 75166K, capacity 77579K, committed 77824K, reserved 1116160K
  class space    used 9519K, capacity 10456K, committed 10496K, reserved 1048576K
GC Heap History (10 events):
Event: 5.918 GC heap before
{Heap before GC invocations=13 (full 0):
 garbage-first heap   total 196608K, used 150092K [0x0000000081800000, 0x0000000100000000)
  region size 1024K, 115 young (117760K), 5 survivors (5120K)
 Metaspace       used 47622K, capacity 49040K, committed 49280K, reserved 1091584K
  class space    used 5955K, capacity 6524K, committed 6528K, reserved 1048576K
}
Event: 5.925 GC heap after
{Heap after GC invocations=14 (full 0):
 garbage-first heap   total 196608K, used 40360K [0x0000000081800000, 0x0000000100000000)
  region size 1024K, 8 young (8192K), 8 survivors (8192K)
 Metaspace       used 47622K, capacity 49040K, committed 49280K, reserved 1091584K
  class space    used 5955K, capacity 6524K, committed 6528K, reserved 1048576K
}
Event: 6.669 GC heap before
{Heap before GC invocations=14 (full 0):
 garbage-first heap   total 196608K, used 147880K [0x0000000081800000, 0x0000000100000000)
  region size 1024K, 114 young (116736K), 8 survivors (8192K)
 Metaspace       used 53996K, capacity 55581K, committed 55808K, reserved 1097728K
  class space    used 6764K, capacity 7384K, committed 7424K, reserved 1048576K
}
Event: 6.682 GC heap after
{Heap after GC invocations=15 (full 0):
 garbage-first heap   total 196608K, used 47880K [0x0000000081800000, 0x0000000100000000)
  region size 1024K, 15 young (15360K), 15 survivors (15360K)
 Metaspace       used 53996K, capacity 55581K, committed 55808K, reserved 1097728K
  class space    used 6764K, capacity 7384K, committed 7424K, reserved 1048576K
}
Event: 7.123 GC heap before
{Heap before GC invocations=15 (full 0):
 garbage-first heap   total 196608K, used 117512K [0x0000000081800000, 0x0000000100000000)
  region size 1024K, 84 young (86016K), 15 survivors (15360K)
 Metaspace       used 58348K, capacity 60046K, committed 60160K, reserved 1101824K
  class space    used 7416K, capacity 8086K, committed 8192K, reserved 1048576K
}
Event: 7.137 GC heap after
{Heap after GC invocations=16 (full 0):
 garbage-first heap   total 196608K, used 48923K [0x0000000081800000, 0x0000000100000000)
  region size 1024K, 9 young (9216K), 9 survivors (9216K)
 Metaspace       used 58348K, capacity 60046K, committed 60160K, reserved 1101824K
  class space    used 7416K, capacity 8086K, committed 8192K, reserved 1048576K
}
Event: 18.002 GC heap before
{Heap before GC invocations=17 (full 0):
 garbage-first heap   total 196608K, used 165659K [0x0000000081800000, 0x0000000100000000)
  region size 1024K, 114 young (116736K), 9 survivors (9216K)
 Metaspace       used 66699K, capacity 68632K, committed 68864K, reserved 1110016K
  class space    used 8430K, capacity 9172K, committed 9216K, reserved 1048576K
}
Event: 18.022 GC heap after
{Heap after GC invocations=18 (full 0):
 garbage-first heap   total 236544K, used 52983K [0x0000000081800000, 0x0000000100000000)
  region size 1024K, 7 young (7168K), 7 survivors (7168K)
 Metaspace       used 66699K, capacity 68632K, committed 68864K, reserved 1110016K
  class space    used 8430K, capacity 9172K, committed 9216K, reserved 1048576K
}
Event: 636.770 GC heap before
{Heap before GC invocations=19 (full 0):
 garbage-first heap   total 236544K, used 182007K [0x0000000081800000, 0x0000000100000000)
  region size 1024K, 134 young (137216K), 7 survivors (7168K)
 Metaspace       used 74535K, capacity 76942K, committed 77056K, reserved 1116160K
  class space    used 9467K, capacity 10403K, committed 10496K, reserved 1048576K
}
Event: 636.784 GC heap after
{Heap after GC invocations=20 (full 0):
 garbage-first heap   total 236544K, used 58789K [0x0000000081800000, 0x0000000100000000)
  region size 1024K, 13 young (13312K), 13 survivors (13312K)
 Metaspace       used 74535K, capacity 76942K, committed 77056K, reserved 1116160K
  class space    used 9467K, capacity 10403K, committed 10496K, reserved 1048576K
}

