# JRE version: Java(TM) SE Runtime Environment (11.0.2+7) (build 11.0.2+7-LTS)
# Java VM: Java HotSpot(TM) 64-Bit Server VM (11.0.2+7-LTS, mixed mode, tiered, compressed oops, g1 gc, windows-amd64)
Heap:
 garbage-first heap   total 227328K, used 53809K [0x0000000081800000, 0x0000000100000000)
  region size 1024K, 12 young (12288K), 7 survivors (7168K)
 Metaspace       used 68651K, capacity 70715K, committed 70988K, reserved 1110016K
  class space    used 8691K, capacity 9461K, committed 9548K, reserved 1048576K
GC Heap History (10 events):
Event: 6.697 GC heap before
{Heap before GC invocations=15 (full 0):
 garbage-first heap   total 189440K, used 121810K [0x0000000081800000, 0x0000000100000000)
  region size 1024K, 92 young (94208K), 9 survivors (9216K)
 Metaspace       used 50709K, capacity 52204K, committed 52352K, reserved 1095680K
  class space    used 6413K, capacity 7015K, committed 7040K, reserved 1048576K
}
Event: 6.707 GC heap after
{Heap after GC invocations=16 (full 0):
 garbage-first heap   total 189440K, used 38061K [0x0000000081800000, 0x0000000100000000)
  region size 1024K, 7 young (7168K), 7 survivors (7168K)
 Metaspace       used 50709K, capacity 52204K, committed 52352K, reserved 1095680K
  class space    used 6413K, capacity 7015K, committed 7040K, reserved 1048576K
}
Event: 7.803 GC heap before
{Heap before GC invocations=16 (full 0):
 garbage-first heap   total 189440K, used 137389K [0x0000000081800000, 0x0000000100000000)
  region size 1024K, 104 young (106496K), 7 survivors (7168K)
 Metaspace       used 56311K, capacity 58050K, committed 58240K, reserved 1099776K
  class space    used 7042K, capacity 7707K, committed 7808K, reserved 1048576K
}
Event: 7.814 GC heap after
{Heap after GC invocations=17 (full 0):
 garbage-first heap   total 189440K, used 42861K [0x0000000081800000, 0x0000000100000000)
  region size 1024K, 12 young (12288K), 12 survivors (12288K)
 Metaspace       used 56311K, capacity 58050K, committed 58240K, reserved 1099776K
  class space    used 7042K, capacity 7707K, committed 7808K, reserved 1048576K
}
Event: 8.527 GC heap before
{Heap before GC invocations=17 (full 0):
 garbage-first heap   total 189440K, used 140141K [0x0000000081800000, 0x0000000100000000)
  region size 1024K, 107 young (109568K), 12 survivors (12288K)
 Metaspace       used 62336K, capacity 64254K, committed 64512K, reserved 1105920K
  class space    used 7864K, capacity 8598K, committed 8704K, reserved 1048576K
}
Event: 8.542 GC heap after
{Heap after GC invocations=18 (full 0):
 garbage-first heap   total 227328K, used 46383K [0x0000000081800000, 0x0000000100000000)
  region size 1024K, 10 young (10240K), 10 survivors (10240K)
 Metaspace       used 62336K, capacity 64254K, committed 64512K, reserved 1105920K
  class space    used 7864K, capacity 8598K, committed 8704K, reserved 1048576K
}
Event: 8.855 GC heap before
{Heap before GC invocations=18 (full 0):
 garbage-first heap   total 227328K, used 68911K [0x0000000081800000, 0x0000000100000000)
  region size 1024K, 34 young (34816K), 10 survivors (10240K)
 Metaspace       used 64024K, capacity 65908K, committed 65920K, reserved 1105920K
  class space    used 8086K, capacity 8831K, committed 8832K, reserved 1048576K
}
Event: 8.868 GC heap after
{Heap after GC invocations=19 (full 0):
 garbage-first heap   total 227328K, used 47665K [0x0000000081800000, 0x0000000100000000)
  region size 1024K, 5 young (5120K), 5 survivors (5120K)
 Metaspace       used 64024K, capacity 65908K, committed 65920K, reserved 1105920K
  class space    used 8086K, capacity 8831K, committed 8832K, reserved 1048576K
}
Event: 344.948 GC heap before
{Heap before GC invocations=20 (full 0):
 garbage-first heap   total 227328K, used 139825K [0x0000000081800000, 0x0000000100000000)
  region size 1024K, 96 young (98304K), 5 survivors (5120K)
 Metaspace       used 68548K, capacity 70562K, committed 70732K, reserved 1110016K
  class space    used 8675K, capacity 9431K, committed 9548K, reserved 1048576K
}
Event: 344.958 GC heap after
{Heap after GC invocations=21 (full 0):
 garbage-first heap   total 227328K, used 49713K [0x0000000081800000, 0x0000000100000000)
  region size 1024K, 7 young (7168K), 7 survivors (7168K)
 Metaspace       used 68548K, capacity 70562K, committed 70732K, reserved 1110016K
  class space    used 8675K, capacity 9431K, committed 9548K, reserved 1048576K
}

